app/build/intermediates/manifest_merge_blame_file/debug/manifest-merger-blame-debug-report.txt
1<?xml version="1.0" encoding="utf-8"?>
2<manifest xmlns:android="http://schemas.android.com/apk/res/android"
3    package="com.example.appsharer"
4    android:versionCode="1"
5    android:versionName="1.0" >
6
7    <uses-sdk
8        android:minSdkVersion="26"
8-->src\main\AndroidManifest.xml
9        android:targetSdkVersion="30" />
9-->src\main\AndroidManifest.xml
10
11    <uses-permission android:name="android.permission.ACCESS_WIFI_STATE" />
11-->src\main\AndroidManifest.xml:4:5-76
11-->src\main\AndroidManifest.xml:4:22-73
12    <uses-permission android:name="android.permission.CHANGE_WIFI_STATE" />
12-->src\main\AndroidManifest.xml:5:5-76
12-->src\main\AndroidManifest.xml:5:22-73
13    <uses-permission android:name="android.permission.CHANGE_NETWORK_STATE" />
13-->src\main\AndroidManifest.xml:6:5-79
13-->src\main\AndroidManifest.xml:6:22-76
14    <uses-permission android:name="android.permission.INTERNET" />
14-->src\main\AndroidManifest.xml:7:5-67
14-->src\main\AndroidManifest.xml:7:22-64
15    <uses-permission android:name="android.permission.ACCESS_NETWORK_STATE" />
15-->src\main\AndroidManifest.xml:8:5-79
15-->src\main\AndroidManifest.xml:8:22-76
16    <uses-permission android:name="android.permission.READ_PHONE_STATE" />
16-->src\main\AndroidManifest.xml:9:5-75
16-->src\main\AndroidManifest.xml:9:22-72
17    <uses-permission android:name="android.permission.WRITE_EXTERNAL_STORAGE" />
17-->src\main\AndroidManifest.xml:10:5-81
17-->src\main\AndroidManifest.xml:10:22-78
18    <uses-permission android:name="android.permission.ACCESS_FINE_LOCATION" />
18-->src\main\AndroidManifest.xml:11:5-79
18-->src\main\AndroidManifest.xml:11:22-76
19
20    <application
20-->src\main\AndroidManifest.xml:12:5-38:19
21        android:allowBackup="true"
21-->src\main\AndroidManifest.xml:13:9-35
22        android:appComponentFactory="androidx.core.app.CoreComponentFactory"
22-->[androidx.core:core:1.5.0] AndroidManifest.xml:24:18-86
23        android:debuggable="true"
24        android:extractNativeLibs="false"
25        android:icon="@mipmap/ic_launcher"
25-->src\main\AndroidManifest.xml:14:9-43
26        android:label="@string/app_name"
26-->src\main\AndroidManifest.xml:15:9-41
27        android:roundIcon="@mipmap/ic_launcher_round"
27-->src\main\AndroidManifest.xml:16:9-54
28        android:supportsRtl="true"
28-->src\main\AndroidManifest.xml:17:9-35
29        android:testOnly="true"
30        android:theme="@style/Theme.AppSharer" >
30-->src\main\AndroidManifest.xml:18:9-47
31        <provider
32            android:name="androidx.core.content.FileProvider"
32-->src\main\AndroidManifest.xml:21:5-54
33            android:authorities="com.example.appsharer.provider"
33-->src\main\AndroidManifest.xml:20:5-52
34            android:exported="false"
34-->src\main\AndroidManifest.xml:22:5-29
35            android:grantUriPermissions="true" >
35-->src\main\AndroidManifest.xml:23:5-39
36            <meta-data
36-->src\main\AndroidManifest.xml:24:5-26:49
37                android:name="android.support.FILE_PROVIDER_PATHS"
37-->src\main\AndroidManifest.xml:25:9-59
38                android:resource="@xml/provider_paths" />
38-->src\main\AndroidManifest.xml:26:9-47
39        </provider>
40
41        <activity android:name="com.example.appsharer.MainActivity" >
41-->src\main\AndroidManifest.xml:31:9-37:20
41-->src\main\AndroidManifest.xml:31:19-47
42            <intent-filter>
42-->src\main\AndroidManifest.xml:32:13-36:29
43                <action android:name="android.intent.action.MAIN" />
43-->src\main\AndroidManifest.xml:33:17-69
43-->src\main\AndroidManifest.xml:33:25-66
44
45                <category android:name="android.intent.category.LAUNCHER" />
45-->src\main\AndroidManifest.xml:35:17-77
45-->src\main\AndroidManifest.xml:35:27-74
46            </intent-filter>
47        </activity>
48    </application>
49
50</manifest>